2021-11-21T02:58:40+00:00 CRITICAL Uncaught Error: Call to undefined function get_field() in /home/bahria/public_html/wp-content/plugins/listingo_vc_shortcodes/vc_custom/shortcodes/sp-articles/skin.php:136
Stack trace:
#0 /home/bahria/public_html/wp-includes/shortcodes.php(356): SC_VC_Skin_Article_Posts->shortCodeCallBack(Array, 'onsectetur adip...', 'listingo_vc_art...')
#1 [internal function]: do_shortcode_tag(Array)
#2 /home/bahria/public_html/wp-includes/shortcodes.php(228): preg_replace_callback('/\\[(\\[?)(listin...', 'do_shortcode_ta...', '[listingo_vc_ar...')
#3 /home/bahria/public_html/wp-content/plugins/js_composer/include/helpers/helpers.php(240): do_shortcode('[listingo_vc_ar...')
#4 /home/bahria/public_html/wp-content/plugins/js_composer/include/templates/shortcodes/vc_column.php(94): wpb_js_remove_wpautop('[listingo_vc_ar...')
#5 /home/bahria/public_html/wp-content/plugins/js_composer/include/classes/shortcodes/core/class-wpbakeryshortcode.php(271): require('/home/bahria/pu...')
#6 /home/bahria/public_html/wp-content/plugins/js_c in /home/bahria/public_html/wp-content/plugins/listingo_vc_shortcodes/vc_custom/shortcodes/sp-articles/skin.php on line 136

2021-11-21T09:20:40+00:00 CRITICAL Uncaught Error: Call to undefined function get_field() in /home/bahria/public_html/wp-content/plugins/listingo_vc_shortcodes/vc_custom/shortcodes/sp-articles/skin.php:136
Stack trace:
#0 /home/bahria/public_html/wp-includes/shortcodes.php(356): SC_VC_Skin_Article_Posts->shortCodeCallBack(Array, 'onsectetur adip...', 'listingo_vc_art...')
#1 [internal function]: do_shortcode_tag(Array)
#2 /home/bahria/public_html/wp-includes/shortcodes.php(228): preg_replace_callback('/\\[(\\[?)(listin...', 'do_shortcode_ta...', '[listingo_vc_ar...')
#3 /home/bahria/public_html/wp-content/plugins/js_composer/include/helpers/helpers.php(240): do_shortcode('[listingo_vc_ar...')
#4 /home/bahria/public_html/wp-content/plugins/js_composer/include/templates/shortcodes/vc_column.php(94): wpb_js_remove_wpautop('[listingo_vc_ar...')
#5 /home/bahria/public_html/wp-content/plugins/js_composer/include/classes/shortcodes/core/class-wpbakeryshortcode.php(271): require('/home/bahria/pu...')
#6 /home/bahria/public_html/wp-content/plugins/js_c in /home/bahria/public_html/wp-content/plugins/listingo_vc_shortcodes/vc_custom/shortcodes/sp-articles/skin.php on line 136

2021-11-21T09:32:57+00:00 CRITICAL Uncaught Error: Call to undefined function get_field() in /home/bahria/public_html/wp-content/plugins/listingo_vc_shortcodes/vc_custom/shortcodes/sp-articles/skin.php:136
Stack trace:
#0 /home/bahria/public_html/wp-includes/shortcodes.php(356): SC_VC_Skin_Article_Posts->shortCodeCallBack(Array, 'onsectetur adip...', 'listingo_vc_art...')
#1 [internal function]: do_shortcode_tag(Array)
#2 /home/bahria/public_html/wp-includes/shortcodes.php(228): preg_replace_callback('/\\[(\\[?)(listin...', 'do_shortcode_ta...', '[listingo_vc_ar...')
#3 /home/bahria/public_html/wp-content/plugins/js_composer/include/helpers/helpers.php(240): do_shortcode('[listingo_vc_ar...')
#4 /home/bahria/public_html/wp-content/plugins/js_composer/include/templates/shortcodes/vc_column.php(94): wpb_js_remove_wpautop('[listingo_vc_ar...')
#5 /home/bahria/public_html/wp-content/plugins/js_composer/include/classes/shortcodes/core/class-wpbakeryshortcode.php(271): require('/home/bahria/pu...')
#6 /home/bahria/public_html/wp-content/plugins/js_c in /home/bahria/public_html/wp-content/plugins/listingo_vc_shortcodes/vc_custom/shortcodes/sp-articles/skin.php on line 136

2021-11-21T14:17:47+00:00 CRITICAL Uncaught Error: Call to undefined function get_field() in /home/bahria/public_html/wp-content/plugins/listingo_vc_shortcodes/vc_custom/shortcodes/sp-articles/skin.php:136
Stack trace:
#0 /home/bahria/public_html/wp-includes/shortcodes.php(356): SC_VC_Skin_Article_Posts->shortCodeCallBack(Array, 'onsectetur adip...', 'listingo_vc_art...')
#1 [internal function]: do_shortcode_tag(Array)
#2 /home/bahria/public_html/wp-includes/shortcodes.php(228): preg_replace_callback('/\\[(\\[?)(listin...', 'do_shortcode_ta...', '[listingo_vc_ar...')
#3 /home/bahria/public_html/wp-content/plugins/js_composer/include/helpers/helpers.php(240): do_shortcode('[listingo_vc_ar...')
#4 /home/bahria/public_html/wp-content/plugins/js_composer/include/templates/shortcodes/vc_column.php(94): wpb_js_remove_wpautop('[listingo_vc_ar...')
#5 /home/bahria/public_html/wp-content/plugins/js_composer/include/classes/shortcodes/core/class-wpbakeryshortcode.php(271): require('/home/bahria/pu...')
#6 /home/bahria/public_html/wp-content/plugins/js_c in /home/bahria/public_html/wp-content/plugins/listingo_vc_shortcodes/vc_custom/shortcodes/sp-articles/skin.php on line 136

2021-11-21T14:23:47+00:00 CRITICAL Uncaught Error: Call to undefined function get_field() in /home/bahria/public_html/wp-content/plugins/listingo_vc_shortcodes/vc_custom/shortcodes/sp-articles/skin.php:136
Stack trace:
#0 /home/bahria/public_html/wp-includes/shortcodes.php(356): SC_VC_Skin_Article_Posts->shortCodeCallBack(Array, 'onsectetur adip...', 'listingo_vc_art...')
#1 [internal function]: do_shortcode_tag(Array)
#2 /home/bahria/public_html/wp-includes/shortcodes.php(228): preg_replace_callback('/\\[(\\[?)(listin...', 'do_shortcode_ta...', '[listingo_vc_ar...')
#3 /home/bahria/public_html/wp-content/plugins/js_composer/include/helpers/helpers.php(240): do_shortcode('[listingo_vc_ar...')
#4 /home/bahria/public_html/wp-content/plugins/js_composer/include/templates/shortcodes/vc_column.php(94): wpb_js_remove_wpautop('[listingo_vc_ar...')
#5 /home/bahria/public_html/wp-content/plugins/js_composer/include/classes/shortcodes/core/class-wpbakeryshortcode.php(271): require('/home/bahria/pu...')
#6 /home/bahria/public_html/wp-content/plugins/js_c in /home/bahria/public_html/wp-content/plugins/listingo_vc_shortcodes/vc_custom/shortcodes/sp-articles/skin.php on line 136

2021-11-21T14:24:26+00:00 CRITICAL Uncaught Error: Call to undefined function get_field() in /home/bahria/public_html/wp-content/plugins/listingo_vc_shortcodes/vc_custom/shortcodes/sp-articles/skin.php:136
Stack trace:
#0 /home/bahria/public_html/wp-includes/shortcodes.php(356): SC_VC_Skin_Article_Posts->shortCodeCallBack(Array, 'onsectetur adip...', 'listingo_vc_art...')
#1 [internal function]: do_shortcode_tag(Array)
#2 /home/bahria/public_html/wp-includes/shortcodes.php(228): preg_replace_callback('/\\[(\\[?)(listin...', 'do_shortcode_ta...', '[listingo_vc_ar...')
#3 /home/bahria/public_html/wp-content/plugins/js_composer/include/helpers/helpers.php(240): do_shortcode('[listingo_vc_ar...')
#4 /home/bahria/public_html/wp-content/plugins/js_composer/include/templates/shortcodes/vc_column.php(94): wpb_js_remove_wpautop('[listingo_vc_ar...')
#5 /home/bahria/public_html/wp-content/plugins/js_composer/include/classes/shortcodes/core/class-wpbakeryshortcode.php(271): require('/home/bahria/pu...')
#6 /home/bahria/public_html/wp-content/plugins/js_c in /home/bahria/public_html/wp-content/plugins/listingo_vc_shortcodes/vc_custom/shortcodes/sp-articles/skin.php on line 136

2021-11-21T14:28:31+00:00 CRITICAL Uncaught Error: Call to undefined function get_field() in /home/bahria/public_html/wp-content/plugins/listingo_vc_shortcodes/vc_custom/shortcodes/sp-articles/skin.php:136
Stack trace:
#0 /home/bahria/public_html/wp-includes/shortcodes.php(356): SC_VC_Skin_Article_Posts->shortCodeCallBack(Array, 'onsectetur adip...', 'listingo_vc_art...')
#1 [internal function]: do_shortcode_tag(Array)
#2 /home/bahria/public_html/wp-includes/shortcodes.php(228): preg_replace_callback('/\\[(\\[?)(listin...', 'do_shortcode_ta...', '<p>[vc_row full...')
#3 /home/bahria/public_html/wp-includes/class-wp-hook.php(303): do_shortcode('<p>[vc_row full...')
#4 /home/bahria/public_html/wp-includes/plugin.php(189): WP_Hook->apply_filters('<p>[vc_row full...', Array)
#5 /home/bahria/public_html/wp-includes/rest-api/endpoints/class-wp-rest-posts-controller.php(1792): apply_filters('the_content', '[vc_row full_wi...')
#6 /home/bahria/public_html/wp-includes/rest-api/endpoints/class-wp-rest-posts-controller.php(550): WP_REST_Posts_Controller- in /home/bahria/public_html/wp-content/plugins/listingo_vc_shortcodes/vc_custom/shortcodes/sp-articles/skin.php on line 136

