2021-11-22T17:52:20+00:00 CRITICAL Uncaught Error: Call to a member function get_cart_total() on null in /home/bahria/public_html/wp-content/plugins/bsecure/includes/templates/qisstpay-popup.php:3
Stack trace:
#0 /home/bahria/public_html/wp-content/plugins/bsecure/includes/class-bsecure-checkout.php(217): include()
#1 /home/bahria/public_html/wp-includes/class-wp-hook.php(303): Bsecure_Checkout->refreshMiniCart('')
#2 /home/bahria/public_html/wp-includes/class-wp-hook.php(327): WP_Hook->apply_filters(NULL, Array)
#3 /home/bahria/public_html/wp-includes/plugin.php(470): WP_Hook->do_action(Array)
#4 /home/bahria/public_html/wp-includes/general-template.php(3031): do_action('wp_footer')
#5 /home/bahria/public_html/wp-includes/blocks/legacy-widget.php(123): wp_footer()
#6 /home/bahria/public_html/wp-includes/class-wp-hook.php(303): handle_legacy_widget_preview_iframe('')
#7 /home/bahria/public_html/wp-includes/class-wp-hook.php(327): WP_Hook->apply_filters(NULL, Array)
#8 /home/bahria/public_html/wp-includes/plugin.php(470): WP_Hook->do_action(Arr in /home/bahria/public_html/wp-content/plugins/bsecure/includes/templates/qisstpay-popup.php on line 3

2021-11-22T17:52:22+00:00 CRITICAL Uncaught Error: Call to a member function get_cart_total() on null in /home/bahria/public_html/wp-content/plugins/bsecure/includes/templates/qisstpay-popup.php:3
Stack trace:
#0 /home/bahria/public_html/wp-content/plugins/bsecure/includes/class-bsecure-checkout.php(217): include()
#1 /home/bahria/public_html/wp-includes/class-wp-hook.php(303): Bsecure_Checkout->refreshMiniCart('')
#2 /home/bahria/public_html/wp-includes/class-wp-hook.php(327): WP_Hook->apply_filters(NULL, Array)
#3 /home/bahria/public_html/wp-includes/plugin.php(470): WP_Hook->do_action(Array)
#4 /home/bahria/public_html/wp-includes/general-template.php(3031): do_action('wp_footer')
#5 /home/bahria/public_html/wp-includes/blocks/legacy-widget.php(123): wp_footer()
#6 /home/bahria/public_html/wp-includes/class-wp-hook.php(303): handle_legacy_widget_preview_iframe('')
#7 /home/bahria/public_html/wp-includes/class-wp-hook.php(327): WP_Hook->apply_filters(NULL, Array)
#8 /home/bahria/public_html/wp-includes/plugin.php(470): WP_Hook->do_action(Arr in /home/bahria/public_html/wp-content/plugins/bsecure/includes/templates/qisstpay-popup.php on line 3

2021-11-22T17:52:22+00:00 CRITICAL Uncaught Error: Call to a member function get_cart_total() on null in /home/bahria/public_html/wp-content/plugins/bsecure/includes/templates/qisstpay-popup.php:3
Stack trace:
#0 /home/bahria/public_html/wp-content/plugins/bsecure/includes/class-bsecure-checkout.php(217): include()
#1 /home/bahria/public_html/wp-includes/class-wp-hook.php(303): Bsecure_Checkout->refreshMiniCart('')
#2 /home/bahria/public_html/wp-includes/class-wp-hook.php(327): WP_Hook->apply_filters(NULL, Array)
#3 /home/bahria/public_html/wp-includes/plugin.php(470): WP_Hook->do_action(Array)
#4 /home/bahria/public_html/wp-includes/general-template.php(3031): do_action('wp_footer')
#5 /home/bahria/public_html/wp-includes/blocks/legacy-widget.php(123): wp_footer()
#6 /home/bahria/public_html/wp-includes/class-wp-hook.php(303): handle_legacy_widget_preview_iframe('')
#7 /home/bahria/public_html/wp-includes/class-wp-hook.php(327): WP_Hook->apply_filters(NULL, Array)
#8 /home/bahria/public_html/wp-includes/plugin.php(470): WP_Hook->do_action(Arr in /home/bahria/public_html/wp-content/plugins/bsecure/includes/templates/qisstpay-popup.php on line 3

2021-11-22T17:52:22+00:00 CRITICAL Uncaught Error: Call to a member function get_cart_total() on null in /home/bahria/public_html/wp-content/plugins/bsecure/includes/templates/qisstpay-popup.php:3
Stack trace:
#0 /home/bahria/public_html/wp-content/plugins/bsecure/includes/class-bsecure-checkout.php(217): include()
#1 /home/bahria/public_html/wp-includes/class-wp-hook.php(303): Bsecure_Checkout->refreshMiniCart('')
#2 /home/bahria/public_html/wp-includes/class-wp-hook.php(327): WP_Hook->apply_filters(NULL, Array)
#3 /home/bahria/public_html/wp-includes/plugin.php(470): WP_Hook->do_action(Array)
#4 /home/bahria/public_html/wp-includes/general-template.php(3031): do_action('wp_footer')
#5 /home/bahria/public_html/wp-includes/blocks/legacy-widget.php(123): wp_footer()
#6 /home/bahria/public_html/wp-includes/class-wp-hook.php(303): handle_legacy_widget_preview_iframe('')
#7 /home/bahria/public_html/wp-includes/class-wp-hook.php(327): WP_Hook->apply_filters(NULL, Array)
#8 /home/bahria/public_html/wp-includes/plugin.php(470): WP_Hook->do_action(Arr in /home/bahria/public_html/wp-content/plugins/bsecure/includes/templates/qisstpay-popup.php on line 3

2021-11-22T17:52:22+00:00 CRITICAL Uncaught Error: Call to a member function get_cart_total() on null in /home/bahria/public_html/wp-content/plugins/bsecure/includes/templates/qisstpay-popup.php:3
Stack trace:
#0 /home/bahria/public_html/wp-content/plugins/bsecure/includes/class-bsecure-checkout.php(217): include()
#1 /home/bahria/public_html/wp-includes/class-wp-hook.php(303): Bsecure_Checkout->refreshMiniCart('')
#2 /home/bahria/public_html/wp-includes/class-wp-hook.php(327): WP_Hook->apply_filters(NULL, Array)
#3 /home/bahria/public_html/wp-includes/plugin.php(470): WP_Hook->do_action(Array)
#4 /home/bahria/public_html/wp-includes/general-template.php(3031): do_action('wp_footer')
#5 /home/bahria/public_html/wp-includes/blocks/legacy-widget.php(123): wp_footer()
#6 /home/bahria/public_html/wp-includes/class-wp-hook.php(303): handle_legacy_widget_preview_iframe('')
#7 /home/bahria/public_html/wp-includes/class-wp-hook.php(327): WP_Hook->apply_filters(NULL, Array)
#8 /home/bahria/public_html/wp-includes/plugin.php(470): WP_Hook->do_action(Arr in /home/bahria/public_html/wp-content/plugins/bsecure/includes/templates/qisstpay-popup.php on line 3

2021-11-22T17:52:22+00:00 CRITICAL Uncaught Error: Call to a member function get_cart_total() on null in /home/bahria/public_html/wp-content/plugins/bsecure/includes/templates/qisstpay-popup.php:3
Stack trace:
#0 /home/bahria/public_html/wp-content/plugins/bsecure/includes/class-bsecure-checkout.php(217): include()
#1 /home/bahria/public_html/wp-includes/class-wp-hook.php(303): Bsecure_Checkout->refreshMiniCart('')
#2 /home/bahria/public_html/wp-includes/class-wp-hook.php(327): WP_Hook->apply_filters(NULL, Array)
#3 /home/bahria/public_html/wp-includes/plugin.php(470): WP_Hook->do_action(Array)
#4 /home/bahria/public_html/wp-includes/general-template.php(3031): do_action('wp_footer')
#5 /home/bahria/public_html/wp-includes/blocks/legacy-widget.php(123): wp_footer()
#6 /home/bahria/public_html/wp-includes/class-wp-hook.php(303): handle_legacy_widget_preview_iframe('')
#7 /home/bahria/public_html/wp-includes/class-wp-hook.php(327): WP_Hook->apply_filters(NULL, Array)
#8 /home/bahria/public_html/wp-includes/plugin.php(470): WP_Hook->do_action(Arr in /home/bahria/public_html/wp-content/plugins/bsecure/includes/templates/qisstpay-popup.php on line 3

2021-11-22T17:52:23+00:00 CRITICAL Uncaught Error: Call to a member function get_cart_total() on null in /home/bahria/public_html/wp-content/plugins/bsecure/includes/templates/qisstpay-popup.php:3
Stack trace:
#0 /home/bahria/public_html/wp-content/plugins/bsecure/includes/class-bsecure-checkout.php(217): include()
#1 /home/bahria/public_html/wp-includes/class-wp-hook.php(303): Bsecure_Checkout->refreshMiniCart('')
#2 /home/bahria/public_html/wp-includes/class-wp-hook.php(327): WP_Hook->apply_filters(NULL, Array)
#3 /home/bahria/public_html/wp-includes/plugin.php(470): WP_Hook->do_action(Array)
#4 /home/bahria/public_html/wp-includes/general-template.php(3031): do_action('wp_footer')
#5 /home/bahria/public_html/wp-includes/blocks/legacy-widget.php(123): wp_footer()
#6 /home/bahria/public_html/wp-includes/class-wp-hook.php(303): handle_legacy_widget_preview_iframe('')
#7 /home/bahria/public_html/wp-includes/class-wp-hook.php(327): WP_Hook->apply_filters(NULL, Array)
#8 /home/bahria/public_html/wp-includes/plugin.php(470): WP_Hook->do_action(Arr in /home/bahria/public_html/wp-content/plugins/bsecure/includes/templates/qisstpay-popup.php on line 3

2021-11-22T17:52:23+00:00 CRITICAL Uncaught Error: Call to a member function get_cart_total() on null in /home/bahria/public_html/wp-content/plugins/bsecure/includes/templates/qisstpay-popup.php:3
Stack trace:
#0 /home/bahria/public_html/wp-content/plugins/bsecure/includes/class-bsecure-checkout.php(217): include()
#1 /home/bahria/public_html/wp-includes/class-wp-hook.php(303): Bsecure_Checkout->refreshMiniCart('')
#2 /home/bahria/public_html/wp-includes/class-wp-hook.php(327): WP_Hook->apply_filters(NULL, Array)
#3 /home/bahria/public_html/wp-includes/plugin.php(470): WP_Hook->do_action(Array)
#4 /home/bahria/public_html/wp-includes/general-template.php(3031): do_action('wp_footer')
#5 /home/bahria/public_html/wp-includes/blocks/legacy-widget.php(123): wp_footer()
#6 /home/bahria/public_html/wp-includes/class-wp-hook.php(303): handle_legacy_widget_preview_iframe('')
#7 /home/bahria/public_html/wp-includes/class-wp-hook.php(327): WP_Hook->apply_filters(NULL, Array)
#8 /home/bahria/public_html/wp-includes/plugin.php(470): WP_Hook->do_action(Arr in /home/bahria/public_html/wp-content/plugins/bsecure/includes/templates/qisstpay-popup.php on line 3

2021-11-22T17:52:23+00:00 CRITICAL Uncaught Error: Call to a member function get_cart_total() on null in /home/bahria/public_html/wp-content/plugins/bsecure/includes/templates/qisstpay-popup.php:3
Stack trace:
#0 /home/bahria/public_html/wp-content/plugins/bsecure/includes/class-bsecure-checkout.php(217): include()
#1 /home/bahria/public_html/wp-includes/class-wp-hook.php(303): Bsecure_Checkout->refreshMiniCart('')
#2 /home/bahria/public_html/wp-includes/class-wp-hook.php(327): WP_Hook->apply_filters(NULL, Array)
#3 /home/bahria/public_html/wp-includes/plugin.php(470): WP_Hook->do_action(Array)
#4 /home/bahria/public_html/wp-includes/general-template.php(3031): do_action('wp_footer')
#5 /home/bahria/public_html/wp-includes/blocks/legacy-widget.php(123): wp_footer()
#6 /home/bahria/public_html/wp-includes/class-wp-hook.php(303): handle_legacy_widget_preview_iframe('')
#7 /home/bahria/public_html/wp-includes/class-wp-hook.php(327): WP_Hook->apply_filters(NULL, Array)
#8 /home/bahria/public_html/wp-includes/plugin.php(470): WP_Hook->do_action(Arr in /home/bahria/public_html/wp-content/plugins/bsecure/includes/templates/qisstpay-popup.php on line 3

2021-11-22T17:52:23+00:00 CRITICAL Uncaught Error: Call to a member function get_cart_total() on null in /home/bahria/public_html/wp-content/plugins/bsecure/includes/templates/qisstpay-popup.php:3
Stack trace:
#0 /home/bahria/public_html/wp-content/plugins/bsecure/includes/class-bsecure-checkout.php(217): include()
#1 /home/bahria/public_html/wp-includes/class-wp-hook.php(303): Bsecure_Checkout->refreshMiniCart('')
#2 /home/bahria/public_html/wp-includes/class-wp-hook.php(327): WP_Hook->apply_filters(NULL, Array)
#3 /home/bahria/public_html/wp-includes/plugin.php(470): WP_Hook->do_action(Array)
#4 /home/bahria/public_html/wp-includes/general-template.php(3031): do_action('wp_footer')
#5 /home/bahria/public_html/wp-includes/blocks/legacy-widget.php(123): wp_footer()
#6 /home/bahria/public_html/wp-includes/class-wp-hook.php(303): handle_legacy_widget_preview_iframe('')
#7 /home/bahria/public_html/wp-includes/class-wp-hook.php(327): WP_Hook->apply_filters(NULL, Array)
#8 /home/bahria/public_html/wp-includes/plugin.php(470): WP_Hook->do_action(Arr in /home/bahria/public_html/wp-content/plugins/bsecure/includes/templates/qisstpay-popup.php on line 3

2021-11-22T17:52:23+00:00 CRITICAL Uncaught Error: Call to a member function get_cart_total() on null in /home/bahria/public_html/wp-content/plugins/bsecure/includes/templates/qisstpay-popup.php:3
Stack trace:
#0 /home/bahria/public_html/wp-content/plugins/bsecure/includes/class-bsecure-checkout.php(217): include()
#1 /home/bahria/public_html/wp-includes/class-wp-hook.php(303): Bsecure_Checkout->refreshMiniCart('')
#2 /home/bahria/public_html/wp-includes/class-wp-hook.php(327): WP_Hook->apply_filters(NULL, Array)
#3 /home/bahria/public_html/wp-includes/plugin.php(470): WP_Hook->do_action(Array)
#4 /home/bahria/public_html/wp-includes/general-template.php(3031): do_action('wp_footer')
#5 /home/bahria/public_html/wp-includes/blocks/legacy-widget.php(123): wp_footer()
#6 /home/bahria/public_html/wp-includes/class-wp-hook.php(303): handle_legacy_widget_preview_iframe('')
#7 /home/bahria/public_html/wp-includes/class-wp-hook.php(327): WP_Hook->apply_filters(NULL, Array)
#8 /home/bahria/public_html/wp-includes/plugin.php(470): WP_Hook->do_action(Arr in /home/bahria/public_html/wp-content/plugins/bsecure/includes/templates/qisstpay-popup.php on line 3

2021-11-22T17:52:24+00:00 CRITICAL Uncaught Error: Call to a member function get_cart_total() on null in /home/bahria/public_html/wp-content/plugins/bsecure/includes/templates/qisstpay-popup.php:3
Stack trace:
#0 /home/bahria/public_html/wp-content/plugins/bsecure/includes/class-bsecure-checkout.php(217): include()
#1 /home/bahria/public_html/wp-includes/class-wp-hook.php(303): Bsecure_Checkout->refreshMiniCart('')
#2 /home/bahria/public_html/wp-includes/class-wp-hook.php(327): WP_Hook->apply_filters(NULL, Array)
#3 /home/bahria/public_html/wp-includes/plugin.php(470): WP_Hook->do_action(Array)
#4 /home/bahria/public_html/wp-includes/general-template.php(3031): do_action('wp_footer')
#5 /home/bahria/public_html/wp-includes/blocks/legacy-widget.php(123): wp_footer()
#6 /home/bahria/public_html/wp-includes/class-wp-hook.php(303): handle_legacy_widget_preview_iframe('')
#7 /home/bahria/public_html/wp-includes/class-wp-hook.php(327): WP_Hook->apply_filters(NULL, Array)
#8 /home/bahria/public_html/wp-includes/plugin.php(470): WP_Hook->do_action(Arr in /home/bahria/public_html/wp-content/plugins/bsecure/includes/templates/qisstpay-popup.php on line 3

2021-11-22T17:52:24+00:00 CRITICAL Uncaught Error: Call to a member function get_cart_total() on null in /home/bahria/public_html/wp-content/plugins/bsecure/includes/templates/qisstpay-popup.php:3
Stack trace:
#0 /home/bahria/public_html/wp-content/plugins/bsecure/includes/class-bsecure-checkout.php(217): include()
#1 /home/bahria/public_html/wp-includes/class-wp-hook.php(303): Bsecure_Checkout->refreshMiniCart('')
#2 /home/bahria/public_html/wp-includes/class-wp-hook.php(327): WP_Hook->apply_filters(NULL, Array)
#3 /home/bahria/public_html/wp-includes/plugin.php(470): WP_Hook->do_action(Array)
#4 /home/bahria/public_html/wp-includes/general-template.php(3031): do_action('wp_footer')
#5 /home/bahria/public_html/wp-includes/blocks/legacy-widget.php(123): wp_footer()
#6 /home/bahria/public_html/wp-includes/class-wp-hook.php(303): handle_legacy_widget_preview_iframe('')
#7 /home/bahria/public_html/wp-includes/class-wp-hook.php(327): WP_Hook->apply_filters(NULL, Array)
#8 /home/bahria/public_html/wp-includes/plugin.php(470): WP_Hook->do_action(Arr in /home/bahria/public_html/wp-content/plugins/bsecure/includes/templates/qisstpay-popup.php on line 3

2021-11-22T17:52:24+00:00 CRITICAL Uncaught Error: Call to a member function get_cart_total() on null in /home/bahria/public_html/wp-content/plugins/bsecure/includes/templates/qisstpay-popup.php:3
Stack trace:
#0 /home/bahria/public_html/wp-content/plugins/bsecure/includes/class-bsecure-checkout.php(217): include()
#1 /home/bahria/public_html/wp-includes/class-wp-hook.php(303): Bsecure_Checkout->refreshMiniCart('')
#2 /home/bahria/public_html/wp-includes/class-wp-hook.php(327): WP_Hook->apply_filters(NULL, Array)
#3 /home/bahria/public_html/wp-includes/plugin.php(470): WP_Hook->do_action(Array)
#4 /home/bahria/public_html/wp-includes/general-template.php(3031): do_action('wp_footer')
#5 /home/bahria/public_html/wp-includes/blocks/legacy-widget.php(123): wp_footer()
#6 /home/bahria/public_html/wp-includes/class-wp-hook.php(303): handle_legacy_widget_preview_iframe('')
#7 /home/bahria/public_html/wp-includes/class-wp-hook.php(327): WP_Hook->apply_filters(NULL, Array)
#8 /home/bahria/public_html/wp-includes/plugin.php(470): WP_Hook->do_action(Arr in /home/bahria/public_html/wp-content/plugins/bsecure/includes/templates/qisstpay-popup.php on line 3

2021-11-22T17:52:25+00:00 CRITICAL Uncaught Error: Call to a member function get_cart_total() on null in /home/bahria/public_html/wp-content/plugins/bsecure/includes/templates/qisstpay-popup.php:3
Stack trace:
#0 /home/bahria/public_html/wp-content/plugins/bsecure/includes/class-bsecure-checkout.php(217): include()
#1 /home/bahria/public_html/wp-includes/class-wp-hook.php(303): Bsecure_Checkout->refreshMiniCart('')
#2 /home/bahria/public_html/wp-includes/class-wp-hook.php(327): WP_Hook->apply_filters(NULL, Array)
#3 /home/bahria/public_html/wp-includes/plugin.php(470): WP_Hook->do_action(Array)
#4 /home/bahria/public_html/wp-includes/general-template.php(3031): do_action('wp_footer')
#5 /home/bahria/public_html/wp-includes/blocks/legacy-widget.php(123): wp_footer()
#6 /home/bahria/public_html/wp-includes/class-wp-hook.php(303): handle_legacy_widget_preview_iframe('')
#7 /home/bahria/public_html/wp-includes/class-wp-hook.php(327): WP_Hook->apply_filters(NULL, Array)
#8 /home/bahria/public_html/wp-includes/plugin.php(470): WP_Hook->do_action(Arr in /home/bahria/public_html/wp-content/plugins/bsecure/includes/templates/qisstpay-popup.php on line 3

2021-11-22T17:52:25+00:00 CRITICAL Uncaught Error: Call to a member function get_cart_total() on null in /home/bahria/public_html/wp-content/plugins/bsecure/includes/templates/qisstpay-popup.php:3
Stack trace:
#0 /home/bahria/public_html/wp-content/plugins/bsecure/includes/class-bsecure-checkout.php(217): include()
#1 /home/bahria/public_html/wp-includes/class-wp-hook.php(303): Bsecure_Checkout->refreshMiniCart('')
#2 /home/bahria/public_html/wp-includes/class-wp-hook.php(327): WP_Hook->apply_filters(NULL, Array)
#3 /home/bahria/public_html/wp-includes/plugin.php(470): WP_Hook->do_action(Array)
#4 /home/bahria/public_html/wp-includes/general-template.php(3031): do_action('wp_footer')
#5 /home/bahria/public_html/wp-includes/blocks/legacy-widget.php(123): wp_footer()
#6 /home/bahria/public_html/wp-includes/class-wp-hook.php(303): handle_legacy_widget_preview_iframe('')
#7 /home/bahria/public_html/wp-includes/class-wp-hook.php(327): WP_Hook->apply_filters(NULL, Array)
#8 /home/bahria/public_html/wp-includes/plugin.php(470): WP_Hook->do_action(Arr in /home/bahria/public_html/wp-content/plugins/bsecure/includes/templates/qisstpay-popup.php on line 3

2021-11-22T17:52:25+00:00 CRITICAL Uncaught Error: Call to a member function get_cart_total() on null in /home/bahria/public_html/wp-content/plugins/bsecure/includes/templates/qisstpay-popup.php:3
Stack trace:
#0 /home/bahria/public_html/wp-content/plugins/bsecure/includes/class-bsecure-checkout.php(217): include()
#1 /home/bahria/public_html/wp-includes/class-wp-hook.php(303): Bsecure_Checkout->refreshMiniCart('')
#2 /home/bahria/public_html/wp-includes/class-wp-hook.php(327): WP_Hook->apply_filters(NULL, Array)
#3 /home/bahria/public_html/wp-includes/plugin.php(470): WP_Hook->do_action(Array)
#4 /home/bahria/public_html/wp-includes/general-template.php(3031): do_action('wp_footer')
#5 /home/bahria/public_html/wp-includes/blocks/legacy-widget.php(123): wp_footer()
#6 /home/bahria/public_html/wp-includes/class-wp-hook.php(303): handle_legacy_widget_preview_iframe('')
#7 /home/bahria/public_html/wp-includes/class-wp-hook.php(327): WP_Hook->apply_filters(NULL, Array)
#8 /home/bahria/public_html/wp-includes/plugin.php(470): WP_Hook->do_action(Arr in /home/bahria/public_html/wp-content/plugins/bsecure/includes/templates/qisstpay-popup.php on line 3

2021-11-22T17:52:25+00:00 CRITICAL Uncaught Error: Call to a member function get_cart_total() on null in /home/bahria/public_html/wp-content/plugins/bsecure/includes/templates/qisstpay-popup.php:3
Stack trace:
#0 /home/bahria/public_html/wp-content/plugins/bsecure/includes/class-bsecure-checkout.php(217): include()
#1 /home/bahria/public_html/wp-includes/class-wp-hook.php(303): Bsecure_Checkout->refreshMiniCart('')
#2 /home/bahria/public_html/wp-includes/class-wp-hook.php(327): WP_Hook->apply_filters(NULL, Array)
#3 /home/bahria/public_html/wp-includes/plugin.php(470): WP_Hook->do_action(Array)
#4 /home/bahria/public_html/wp-includes/general-template.php(3031): do_action('wp_footer')
#5 /home/bahria/public_html/wp-includes/blocks/legacy-widget.php(123): wp_footer()
#6 /home/bahria/public_html/wp-includes/class-wp-hook.php(303): handle_legacy_widget_preview_iframe('')
#7 /home/bahria/public_html/wp-includes/class-wp-hook.php(327): WP_Hook->apply_filters(NULL, Array)
#8 /home/bahria/public_html/wp-includes/plugin.php(470): WP_Hook->do_action(Arr in /home/bahria/public_html/wp-content/plugins/bsecure/includes/templates/qisstpay-popup.php on line 3

2021-11-22T17:52:26+00:00 CRITICAL Uncaught Error: Call to a member function get_cart_total() on null in /home/bahria/public_html/wp-content/plugins/bsecure/includes/templates/qisstpay-popup.php:3
Stack trace:
#0 /home/bahria/public_html/wp-content/plugins/bsecure/includes/class-bsecure-checkout.php(217): include()
#1 /home/bahria/public_html/wp-includes/class-wp-hook.php(303): Bsecure_Checkout->refreshMiniCart('')
#2 /home/bahria/public_html/wp-includes/class-wp-hook.php(327): WP_Hook->apply_filters(NULL, Array)
#3 /home/bahria/public_html/wp-includes/plugin.php(470): WP_Hook->do_action(Array)
#4 /home/bahria/public_html/wp-includes/general-template.php(3031): do_action('wp_footer')
#5 /home/bahria/public_html/wp-includes/blocks/legacy-widget.php(123): wp_footer()
#6 /home/bahria/public_html/wp-includes/class-wp-hook.php(303): handle_legacy_widget_preview_iframe('')
#7 /home/bahria/public_html/wp-includes/class-wp-hook.php(327): WP_Hook->apply_filters(NULL, Array)
#8 /home/bahria/public_html/wp-includes/plugin.php(470): WP_Hook->do_action(Arr in /home/bahria/public_html/wp-content/plugins/bsecure/includes/templates/qisstpay-popup.php on line 3

2021-11-22T17:52:26+00:00 CRITICAL Uncaught Error: Call to a member function get_cart_total() on null in /home/bahria/public_html/wp-content/plugins/bsecure/includes/templates/qisstpay-popup.php:3
Stack trace:
#0 /home/bahria/public_html/wp-content/plugins/bsecure/includes/class-bsecure-checkout.php(217): include()
#1 /home/bahria/public_html/wp-includes/class-wp-hook.php(303): Bsecure_Checkout->refreshMiniCart('')
#2 /home/bahria/public_html/wp-includes/class-wp-hook.php(327): WP_Hook->apply_filters(NULL, Array)
#3 /home/bahria/public_html/wp-includes/plugin.php(470): WP_Hook->do_action(Array)
#4 /home/bahria/public_html/wp-includes/general-template.php(3031): do_action('wp_footer')
#5 /home/bahria/public_html/wp-includes/blocks/legacy-widget.php(123): wp_footer()
#6 /home/bahria/public_html/wp-includes/class-wp-hook.php(303): handle_legacy_widget_preview_iframe('')
#7 /home/bahria/public_html/wp-includes/class-wp-hook.php(327): WP_Hook->apply_filters(NULL, Array)
#8 /home/bahria/public_html/wp-includes/plugin.php(470): WP_Hook->do_action(Arr in /home/bahria/public_html/wp-content/plugins/bsecure/includes/templates/qisstpay-popup.php on line 3

2021-11-22T17:52:26+00:00 CRITICAL Uncaught Error: Call to a member function get_cart_total() on null in /home/bahria/public_html/wp-content/plugins/bsecure/includes/templates/qisstpay-popup.php:3
Stack trace:
#0 /home/bahria/public_html/wp-content/plugins/bsecure/includes/class-bsecure-checkout.php(217): include()
#1 /home/bahria/public_html/wp-includes/class-wp-hook.php(303): Bsecure_Checkout->refreshMiniCart('')
#2 /home/bahria/public_html/wp-includes/class-wp-hook.php(327): WP_Hook->apply_filters(NULL, Array)
#3 /home/bahria/public_html/wp-includes/plugin.php(470): WP_Hook->do_action(Array)
#4 /home/bahria/public_html/wp-includes/general-template.php(3031): do_action('wp_footer')
#5 /home/bahria/public_html/wp-includes/blocks/legacy-widget.php(123): wp_footer()
#6 /home/bahria/public_html/wp-includes/class-wp-hook.php(303): handle_legacy_widget_preview_iframe('')
#7 /home/bahria/public_html/wp-includes/class-wp-hook.php(327): WP_Hook->apply_filters(NULL, Array)
#8 /home/bahria/public_html/wp-includes/plugin.php(470): WP_Hook->do_action(Arr in /home/bahria/public_html/wp-content/plugins/bsecure/includes/templates/qisstpay-popup.php on line 3

2021-11-22T17:52:26+00:00 CRITICAL Uncaught Error: Call to a member function get_cart_total() on null in /home/bahria/public_html/wp-content/plugins/bsecure/includes/templates/qisstpay-popup.php:3
Stack trace:
#0 /home/bahria/public_html/wp-content/plugins/bsecure/includes/class-bsecure-checkout.php(217): include()
#1 /home/bahria/public_html/wp-includes/class-wp-hook.php(303): Bsecure_Checkout->refreshMiniCart('')
#2 /home/bahria/public_html/wp-includes/class-wp-hook.php(327): WP_Hook->apply_filters(NULL, Array)
#3 /home/bahria/public_html/wp-includes/plugin.php(470): WP_Hook->do_action(Array)
#4 /home/bahria/public_html/wp-includes/general-template.php(3031): do_action('wp_footer')
#5 /home/bahria/public_html/wp-includes/blocks/legacy-widget.php(123): wp_footer()
#6 /home/bahria/public_html/wp-includes/class-wp-hook.php(303): handle_legacy_widget_preview_iframe('')
#7 /home/bahria/public_html/wp-includes/class-wp-hook.php(327): WP_Hook->apply_filters(NULL, Array)
#8 /home/bahria/public_html/wp-includes/plugin.php(470): WP_Hook->do_action(Arr in /home/bahria/public_html/wp-content/plugins/bsecure/includes/templates/qisstpay-popup.php on line 3

2021-11-22T17:52:27+00:00 CRITICAL Uncaught Error: Call to a member function get_cart_total() on null in /home/bahria/public_html/wp-content/plugins/bsecure/includes/templates/qisstpay-popup.php:3
Stack trace:
#0 /home/bahria/public_html/wp-content/plugins/bsecure/includes/class-bsecure-checkout.php(217): include()
#1 /home/bahria/public_html/wp-includes/class-wp-hook.php(303): Bsecure_Checkout->refreshMiniCart('')
#2 /home/bahria/public_html/wp-includes/class-wp-hook.php(327): WP_Hook->apply_filters(NULL, Array)
#3 /home/bahria/public_html/wp-includes/plugin.php(470): WP_Hook->do_action(Array)
#4 /home/bahria/public_html/wp-includes/general-template.php(3031): do_action('wp_footer')
#5 /home/bahria/public_html/wp-includes/blocks/legacy-widget.php(123): wp_footer()
#6 /home/bahria/public_html/wp-includes/class-wp-hook.php(303): handle_legacy_widget_preview_iframe('')
#7 /home/bahria/public_html/wp-includes/class-wp-hook.php(327): WP_Hook->apply_filters(NULL, Array)
#8 /home/bahria/public_html/wp-includes/plugin.php(470): WP_Hook->do_action(Arr in /home/bahria/public_html/wp-content/plugins/bsecure/includes/templates/qisstpay-popup.php on line 3

2021-11-22T17:52:27+00:00 CRITICAL Uncaught Error: Call to a member function get_cart_total() on null in /home/bahria/public_html/wp-content/plugins/bsecure/includes/templates/qisstpay-popup.php:3
Stack trace:
#0 /home/bahria/public_html/wp-content/plugins/bsecure/includes/class-bsecure-checkout.php(217): include()
#1 /home/bahria/public_html/wp-includes/class-wp-hook.php(303): Bsecure_Checkout->refreshMiniCart('')
#2 /home/bahria/public_html/wp-includes/class-wp-hook.php(327): WP_Hook->apply_filters(NULL, Array)
#3 /home/bahria/public_html/wp-includes/plugin.php(470): WP_Hook->do_action(Array)
#4 /home/bahria/public_html/wp-includes/general-template.php(3031): do_action('wp_footer')
#5 /home/bahria/public_html/wp-includes/blocks/legacy-widget.php(123): wp_footer()
#6 /home/bahria/public_html/wp-includes/class-wp-hook.php(303): handle_legacy_widget_preview_iframe('')
#7 /home/bahria/public_html/wp-includes/class-wp-hook.php(327): WP_Hook->apply_filters(NULL, Array)
#8 /home/bahria/public_html/wp-includes/plugin.php(470): WP_Hook->do_action(Arr in /home/bahria/public_html/wp-content/plugins/bsecure/includes/templates/qisstpay-popup.php on line 3

2021-11-22T17:52:27+00:00 CRITICAL Uncaught Error: Call to a member function get_cart_total() on null in /home/bahria/public_html/wp-content/plugins/bsecure/includes/templates/qisstpay-popup.php:3
Stack trace:
#0 /home/bahria/public_html/wp-content/plugins/bsecure/includes/class-bsecure-checkout.php(217): include()
#1 /home/bahria/public_html/wp-includes/class-wp-hook.php(303): Bsecure_Checkout->refreshMiniCart('')
#2 /home/bahria/public_html/wp-includes/class-wp-hook.php(327): WP_Hook->apply_filters(NULL, Array)
#3 /home/bahria/public_html/wp-includes/plugin.php(470): WP_Hook->do_action(Array)
#4 /home/bahria/public_html/wp-includes/general-template.php(3031): do_action('wp_footer')
#5 /home/bahria/public_html/wp-includes/blocks/legacy-widget.php(123): wp_footer()
#6 /home/bahria/public_html/wp-includes/class-wp-hook.php(303): handle_legacy_widget_preview_iframe('')
#7 /home/bahria/public_html/wp-includes/class-wp-hook.php(327): WP_Hook->apply_filters(NULL, Array)
#8 /home/bahria/public_html/wp-includes/plugin.php(470): WP_Hook->do_action(Arr in /home/bahria/public_html/wp-content/plugins/bsecure/includes/templates/qisstpay-popup.php on line 3

2021-11-22T17:52:27+00:00 CRITICAL Uncaught Error: Call to a member function get_cart_total() on null in /home/bahria/public_html/wp-content/plugins/bsecure/includes/templates/qisstpay-popup.php:3
Stack trace:
#0 /home/bahria/public_html/wp-content/plugins/bsecure/includes/class-bsecure-checkout.php(217): include()
#1 /home/bahria/public_html/wp-includes/class-wp-hook.php(303): Bsecure_Checkout->refreshMiniCart('')
#2 /home/bahria/public_html/wp-includes/class-wp-hook.php(327): WP_Hook->apply_filters(NULL, Array)
#3 /home/bahria/public_html/wp-includes/plugin.php(470): WP_Hook->do_action(Array)
#4 /home/bahria/public_html/wp-includes/general-template.php(3031): do_action('wp_footer')
#5 /home/bahria/public_html/wp-includes/blocks/legacy-widget.php(123): wp_footer()
#6 /home/bahria/public_html/wp-includes/class-wp-hook.php(303): handle_legacy_widget_preview_iframe('')
#7 /home/bahria/public_html/wp-includes/class-wp-hook.php(327): WP_Hook->apply_filters(NULL, Array)
#8 /home/bahria/public_html/wp-includes/plugin.php(470): WP_Hook->do_action(Arr in /home/bahria/public_html/wp-content/plugins/bsecure/includes/templates/qisstpay-popup.php on line 3

2021-11-22T17:52:28+00:00 CRITICAL Uncaught Error: Call to a member function get_cart_total() on null in /home/bahria/public_html/wp-content/plugins/bsecure/includes/templates/qisstpay-popup.php:3
Stack trace:
#0 /home/bahria/public_html/wp-content/plugins/bsecure/includes/class-bsecure-checkout.php(217): include()
#1 /home/bahria/public_html/wp-includes/class-wp-hook.php(303): Bsecure_Checkout->refreshMiniCart('')
#2 /home/bahria/public_html/wp-includes/class-wp-hook.php(327): WP_Hook->apply_filters(NULL, Array)
#3 /home/bahria/public_html/wp-includes/plugin.php(470): WP_Hook->do_action(Array)
#4 /home/bahria/public_html/wp-includes/general-template.php(3031): do_action('wp_footer')
#5 /home/bahria/public_html/wp-includes/blocks/legacy-widget.php(123): wp_footer()
#6 /home/bahria/public_html/wp-includes/class-wp-hook.php(303): handle_legacy_widget_preview_iframe('')
#7 /home/bahria/public_html/wp-includes/class-wp-hook.php(327): WP_Hook->apply_filters(NULL, Array)
#8 /home/bahria/public_html/wp-includes/plugin.php(470): WP_Hook->do_action(Arr in /home/bahria/public_html/wp-content/plugins/bsecure/includes/templates/qisstpay-popup.php on line 3

2021-11-22T17:52:28+00:00 CRITICAL Uncaught Error: Call to a member function get_cart_total() on null in /home/bahria/public_html/wp-content/plugins/bsecure/includes/templates/qisstpay-popup.php:3
Stack trace:
#0 /home/bahria/public_html/wp-content/plugins/bsecure/includes/class-bsecure-checkout.php(217): include()
#1 /home/bahria/public_html/wp-includes/class-wp-hook.php(303): Bsecure_Checkout->refreshMiniCart('')
#2 /home/bahria/public_html/wp-includes/class-wp-hook.php(327): WP_Hook->apply_filters(NULL, Array)
#3 /home/bahria/public_html/wp-includes/plugin.php(470): WP_Hook->do_action(Array)
#4 /home/bahria/public_html/wp-includes/general-template.php(3031): do_action('wp_footer')
#5 /home/bahria/public_html/wp-includes/blocks/legacy-widget.php(123): wp_footer()
#6 /home/bahria/public_html/wp-includes/class-wp-hook.php(303): handle_legacy_widget_preview_iframe('')
#7 /home/bahria/public_html/wp-includes/class-wp-hook.php(327): WP_Hook->apply_filters(NULL, Array)
#8 /home/bahria/public_html/wp-includes/plugin.php(470): WP_Hook->do_action(Arr in /home/bahria/public_html/wp-content/plugins/bsecure/includes/templates/qisstpay-popup.php on line 3

2021-11-22T17:52:31+00:00 CRITICAL Uncaught Error: Call to a member function get_cart_total() on null in /home/bahria/public_html/wp-content/plugins/bsecure/includes/templates/qisstpay-popup.php:3
Stack trace:
#0 /home/bahria/public_html/wp-content/plugins/bsecure/includes/class-bsecure-checkout.php(217): include()
#1 /home/bahria/public_html/wp-includes/class-wp-hook.php(303): Bsecure_Checkout->refreshMiniCart('')
#2 /home/bahria/public_html/wp-includes/class-wp-hook.php(327): WP_Hook->apply_filters(NULL, Array)
#3 /home/bahria/public_html/wp-includes/plugin.php(470): WP_Hook->do_action(Array)
#4 /home/bahria/public_html/wp-includes/general-template.php(3031): do_action('wp_footer')
#5 /home/bahria/public_html/wp-includes/blocks/legacy-widget.php(123): wp_footer()
#6 /home/bahria/public_html/wp-includes/class-wp-hook.php(303): handle_legacy_widget_preview_iframe('')
#7 /home/bahria/public_html/wp-includes/class-wp-hook.php(327): WP_Hook->apply_filters(NULL, Array)
#8 /home/bahria/public_html/wp-includes/plugin.php(470): WP_Hook->do_action(Arr in /home/bahria/public_html/wp-content/plugins/bsecure/includes/templates/qisstpay-popup.php on line 3

